<?xml version="1.0" encoding="UTF-8"?>
<testsuite name="MoodAnalyserTest" tests="1" skipped="0" failures="0" errors="0" timestamp="2020-11-26T07:33:20" hostname="DESKTOP-9G5SK1M" time="0.002">
  <properties/>
  <testcase name="givenNullShouldReturnHappy" classname="MoodAnalyserTest" time="0.002"/>
  <system-out><![CDATA[]]></system-out>
  <system-err><![CDATA[]]></system-err>
</testsuite>
